{
"/Users/admin/Documents/Sunbird/Player/telemetry-lib/core/telemetryV3Interface.js":{"path":"/Users/admin/Documents/Sunbird/Player/telemetry-lib/core/telemetryV3Interface.js","s":{"1":1,"2":0,"3":1,"4":44,"5":44,"6":0,"7":1,"8":1,"9":1,"10":1,"11":1,"12":1,"13":1,"14":1,"15":1,"16":1,"17":1,"18":1,"19":1,"20":1,"21":1,"22":1,"23":1,"24":7,"25":1,"26":4,"27":4,"28":4,"29":4,"30":4,"31":2,"32":4,"33":4,"34":4,"35":4,"36":1,"37":3,"38":3,"39":1,"40":5,"41":5,"42":1,"43":3,"44":3,"45":1,"46":3,"47":3,"48":1,"49":2,"50":2,"51":1,"52":2,"53":2,"54":2,"55":1,"56":2,"57":2,"58":1,"59":2,"60":2,"61":1,"62":4,"63":4,"64":1,"65":2,"66":2,"67":1,"68":2,"69":2,"70":1,"71":2,"72":2,"73":1,"74":1,"75":1,"76":1,"77":1,"78":1,"79":1,"80":3,"81":3,"82":1,"83":3,"84":3,"85":3,"86":3,"87":3,"88":0,"89":1,"90":1,"91":1,"92":3,"93":1,"94":1,"95":1,"96":1,"97":2,"98":1,"99":0,"100":0,"101":1,"102":9,"103":1,"104":1,"105":8,"106":8,"107":8,"108":8,"109":8,"110":0,"111":8,"112":8,"113":8,"114":8,"115":8,"116":8,"117":1,"118":44,"119":44,"120":0,"121":0,"122":0,"123":0,"124":0,"125":44,"126":18,"127":0,"128":0,"129":0,"130":0,"131":0,"132":0,"133":0,"134":18,"135":26,"136":1,"137":44,"138":44,"139":44,"140":44,"141":44,"142":44,"143":44,"144":44,"145":44,"146":44,"147":1,"148":8,"149":8,"150":8,"151":8,"152":8,"153":8,"154":8,"155":8,"156":1,"157":44,"158":1,"159":44,"160":1,"161":44,"162":25,"163":25,"164":25,"165":25,"166":25,"167":1,"168":176,"169":44,"170":0,"171":44,"172":0,"173":44,"174":0,"175":44,"176":0,"177":1,"178":1,"179":228,"180":0,"181":228,"182":228,"183":404,"184":404,"185":402,"186":981,"187":981,"188":228,"189":1,"190":0,"191":0,"192":0,"193":1,"194":1,"195":1,"196":1,"197":1,"198":0},"b":{"1":[0,1],"2":[44,0],"3":[4,4],"4":[4,0],"5":[4,4],"6":[2,2],"7":[4,2],"8":[2,2],"9":[3,0],"10":[3,1],"11":[1,0],"12":[1,0],"13":[2,0],"14":[0,0],"15":[1,8],"16":[8,1],"17":[8,2],"18":[8,2],"19":[8,4],"20":[0,8],"21":[4,4],"22":[1,3],"23":[0,3],"24":[0,8],"25":[0,44],"26":[0,0],"27":[18,26],"28":[0,18],"29":[0,0],"30":[44,2],"31":[8,6],"32":[8,4],"33":[8,4],"34":[8,4],"35":[8,4],"36":[8,4],"37":[8,4],"38":[8,5],"39":[25,19],"40":[25,1],"41":[25,1],"42":[25,1],"43":[25,1],"44":[25,1],"45":[44,44,44,44],"46":[44,24],"47":[44,21],"48":[44,22],"49":[44,25],"50":[0,228],"51":[402,2],"52":[981,0],"53":[0,0],"54":[1,0],"55":[0,1]},"f":{"1":44,"2":1,"3":0,"4":0,"5":7,"6":4,"7":3,"8":5,"9":3,"10":3,"11":2,"12":2,"13":2,"14":2,"15":4,"16":2,"17":2,"18":2,"19":1,"20":1,"21":3,"22":3,"23":1,"24":3,"25":1,"26":1,"27":2,"28":0,"29":9,"30":44,"31":0,"32":44,"33":8,"34":44,"35":44,"36":44,"37":176,"38":1,"39":228,"40":0,"41":0},"fnMap":{"1":{"name":"(anonymous_1)","line":14,"loc":{"start":{"line":14,"column":14},"end":{"line":14,"column":30}}},"2":{"name":"(anonymous_2)","line":26,"loc":{"start":{"line":26,"column":17},"end":{"line":26,"column":28}}},"3":{"name":"(anonymous_3)","line":27,"loc":{"start":{"line":27,"column":21},"end":{"line":27,"column":32}}},"4":{"name":"(anonymous_4)","line":28,"loc":{"start":{"line":28,"column":19},"end":{"line":28,"column":30}}},"5":{"name":"(anonymous_5)","line":73,"loc":{"start":{"line":73,"column":32},"end":{"line":73,"column":49}}},"6":{"name":"(anonymous_6)","line":86,"loc":{"start":{"line":86,"column":27},"end":{"line":86,"column":82}}},"7":{"name":"(anonymous_7)","line":108,"loc":{"start":{"line":108,"column":32},"end":{"line":108,"column":56}}},"8":{"name":"(anonymous_8)","line":118,"loc":{"start":{"line":118,"column":30},"end":{"line":118,"column":54}}},"9":{"name":"(anonymous_9)","line":128,"loc":{"start":{"line":128,"column":28},"end":{"line":128,"column":52}}},"10":{"name":"(anonymous_10)","line":138,"loc":{"start":{"line":138,"column":30},"end":{"line":138,"column":54}}},"11":{"name":"(anonymous_11)","line":148,"loc":{"start":{"line":148,"column":31},"end":{"line":148,"column":55}}},"12":{"name":"(anonymous_12)","line":158,"loc":{"start":{"line":158,"column":30},"end":{"line":158,"column":54}}},"13":{"name":"(anonymous_13)","line":172,"loc":{"start":{"line":172,"column":27},"end":{"line":172,"column":51}}},"14":{"name":"(anonymous_14)","line":182,"loc":{"start":{"line":182,"column":27},"end":{"line":182,"column":51}}},"15":{"name":"(anonymous_15)","line":192,"loc":{"start":{"line":192,"column":27},"end":{"line":192,"column":51}}},"16":{"name":"(anonymous_16)","line":202,"loc":{"start":{"line":202,"column":31},"end":{"line":202,"column":55}}},"17":{"name":"(anonymous_17)","line":212,"loc":{"start":{"line":212,"column":25},"end":{"line":212,"column":49}}},"18":{"name":"(anonymous_18)","line":222,"loc":{"start":{"line":222,"column":28},"end":{"line":222,"column":52}}},"19":{"name":"(anonymous_19)","line":232,"loc":{"start":{"line":232,"column":29},"end":{"line":232,"column":53}}},"20":{"name":"(anonymous_20)","line":242,"loc":{"start":{"line":242,"column":28},"end":{"line":242,"column":52}}},"21":{"name":"(anonymous_21)","line":252,"loc":{"start":{"line":252,"column":29},"end":{"line":252,"column":53}}},"22":{"name":"(anonymous_22)","line":262,"loc":{"start":{"line":262,"column":25},"end":{"line":262,"column":49}}},"23":{"name":"(anonymous_23)","line":277,"loc":{"start":{"line":277,"column":35},"end":{"line":277,"column":46}}},"24":{"name":"(anonymous_24)","line":285,"loc":{"start":{"line":285,"column":34},"end":{"line":285,"column":52}}},"25":{"name":"(anonymous_25)","line":293,"loc":{"start":{"line":293,"column":33},"end":{"line":293,"column":50}}},"26":{"name":"(anonymous_26)","line":301,"loc":{"start":{"line":301,"column":36},"end":{"line":301,"column":52}}},"27":{"name":"(anonymous_27)","line":310,"loc":{"start":{"line":310,"column":31},"end":{"line":310,"column":46}}},"28":{"name":"(anonymous_28)","line":314,"loc":{"start":{"line":314,"column":32},"end":{"line":314,"column":43}}},"29":{"name":"(anonymous_29)","line":327,"loc":{"start":{"line":327,"column":20},"end":{"line":327,"column":60}}},"30":{"name":"(anonymous_30)","line":350,"loc":{"start":{"line":350,"column":25},"end":{"line":350,"column":43}}},"31":{"name":"(anonymous_31)","line":363,"loc":{"start":{"line":363,"column":45},"end":{"line":363,"column":74}}},"32":{"name":"(anonymous_32)","line":386,"loc":{"start":{"line":386,"column":24},"end":{"line":386,"column":48}}},"33":{"name":"(anonymous_33)","line":403,"loc":{"start":{"line":403,"column":36},"end":{"line":403,"column":53}}},"34":{"name":"(anonymous_34)","line":420,"loc":{"start":{"line":420,"column":32},"end":{"line":420,"column":43}}},"35":{"name":"(anonymous_35)","line":428,"loc":{"start":{"line":428,"column":31},"end":{"line":428,"column":42}}},"36":{"name":"(anonymous_36)","line":438,"loc":{"start":{"line":438,"column":28},"end":{"line":438,"column":46}}},"37":{"name":"(anonymous_37)","line":453,"loc":{"start":{"line":453,"column":31},"end":{"line":453,"column":45}}},"38":{"name":"(anonymous_38)","line":474,"loc":{"start":{"line":474,"column":28},"end":{"line":474,"column":39}}},"39":{"name":"(anonymous_39)","line":475,"loc":{"start":{"line":475,"column":24},"end":{"line":475,"column":41}}},"40":{"name":"(anonymous_40)","line":496,"loc":{"start":{"line":496,"column":36},"end":{"line":496,"column":49}}},"41":{"name":"(anonymous_41)","line":497,"loc":{"start":{"line":497,"column":31},"end":{"line":497,"column":60}}}},"statementMap":{"1":{"start":{"line":8,"column":0},"end":{"line":10,"column":1}},"2":{"start":{"line":9,"column":4},"end":{"line":9,"column":28}},"3":{"start":{"line":13,"column":0},"end":{"line":23,"column":2}},"4":{"start":{"line":15,"column":8},"end":{"line":21,"column":9}},"5":{"start":{"line":18,"column":12},"end":{"line":18,"column":89}},"6":{"start":{"line":20,"column":12},"end":{"line":20,"column":78}},"7":{"start":{"line":26,"column":0},"end":{"line":506,"column":5}},"8":{"start":{"line":27,"column":4},"end":{"line":27,"column":35}},"9":{"start":{"line":28,"column":4},"end":{"line":28,"column":33}},"10":{"start":{"line":29,"column":4},"end":{"line":29,"column":33}},"11":{"start":{"line":30,"column":4},"end":{"line":30,"column":39}},"12":{"start":{"line":31,"column":4},"end":{"line":31,"column":31}},"13":{"start":{"line":32,"column":4},"end":{"line":32,"column":36}},"14":{"start":{"line":33,"column":4},"end":{"line":33,"column":45}},"15":{"start":{"line":34,"column":4},"end":{"line":34,"column":40}},"16":{"start":{"line":35,"column":4},"end":{"line":53,"column":9}},"17":{"start":{"line":54,"column":4},"end":{"line":62,"column":6}},"18":{"start":{"line":63,"column":4},"end":{"line":63,"column":31}},"19":{"start":{"line":64,"column":4},"end":{"line":64,"column":34}},"20":{"start":{"line":65,"column":4},"end":{"line":65,"column":28}},"21":{"start":{"line":66,"column":4},"end":{"line":66,"column":24}},"22":{"start":{"line":67,"column":4},"end":{"line":67,"column":53}},"23":{"start":{"line":73,"column":4},"end":{"line":75,"column":5}},"24":{"start":{"line":74,"column":8},"end":{"line":74,"column":30}},"25":{"start":{"line":86,"column":4},"end":{"line":101,"column":5}},"26":{"start":{"line":87,"column":8},"end":{"line":87,"column":76}},"27":{"start":{"line":88,"column":8},"end":{"line":91,"column":9}},"28":{"start":{"line":89,"column":12},"end":{"line":89,"column":59}},"29":{"start":{"line":90,"column":12},"end":{"line":90,"column":61}},"30":{"start":{"line":93,"column":8},"end":{"line":96,"column":9}},"31":{"start":{"line":94,"column":12},"end":{"line":94,"column":56}},"32":{"start":{"line":97,"column":8},"end":{"line":97,"column":39}},"33":{"start":{"line":98,"column":8},"end":{"line":98,"column":61}},"34":{"start":{"line":99,"column":8},"end":{"line":99,"column":41}},"35":{"start":{"line":100,"column":8},"end":{"line":100,"column":84}},"36":{"start":{"line":108,"column":4},"end":{"line":111,"column":5}},"37":{"start":{"line":109,"column":8},"end":{"line":109,"column":39}},"38":{"start":{"line":110,"column":8},"end":{"line":110,"column":66}},"39":{"start":{"line":118,"column":4},"end":{"line":121,"column":5}},"40":{"start":{"line":119,"column":8},"end":{"line":119,"column":39}},"41":{"start":{"line":120,"column":8},"end":{"line":120,"column":64}},"42":{"start":{"line":128,"column":4},"end":{"line":131,"column":5}},"43":{"start":{"line":129,"column":8},"end":{"line":129,"column":39}},"44":{"start":{"line":130,"column":8},"end":{"line":130,"column":62}},"45":{"start":{"line":138,"column":4},"end":{"line":141,"column":5}},"46":{"start":{"line":139,"column":8},"end":{"line":139,"column":39}},"47":{"start":{"line":140,"column":8},"end":{"line":140,"column":64}},"48":{"start":{"line":148,"column":4},"end":{"line":151,"column":5}},"49":{"start":{"line":149,"column":8},"end":{"line":149,"column":39}},"50":{"start":{"line":150,"column":8},"end":{"line":150,"column":65}},"51":{"start":{"line":158,"column":4},"end":{"line":165,"column":5}},"52":{"start":{"line":159,"column":8},"end":{"line":162,"column":9}},"53":{"start":{"line":163,"column":8},"end":{"line":163,"column":39}},"54":{"start":{"line":164,"column":8},"end":{"line":164,"column":67}},"55":{"start":{"line":172,"column":4},"end":{"line":175,"column":5}},"56":{"start":{"line":173,"column":8},"end":{"line":173,"column":39}},"57":{"start":{"line":174,"column":8},"end":{"line":174,"column":61}},"58":{"start":{"line":182,"column":4},"end":{"line":185,"column":5}},"59":{"start":{"line":183,"column":8},"end":{"line":183,"column":39}},"60":{"start":{"line":184,"column":8},"end":{"line":184,"column":61}},"61":{"start":{"line":192,"column":4},"end":{"line":195,"column":5}},"62":{"start":{"line":193,"column":8},"end":{"line":193,"column":39}},"63":{"start":{"line":194,"column":8},"end":{"line":194,"column":61}},"64":{"start":{"line":202,"column":4},"end":{"line":205,"column":5}},"65":{"start":{"line":203,"column":8},"end":{"line":203,"column":39}},"66":{"start":{"line":204,"column":8},"end":{"line":204,"column":65}},"67":{"start":{"line":212,"column":4},"end":{"line":215,"column":5}},"68":{"start":{"line":213,"column":8},"end":{"line":213,"column":39}},"69":{"start":{"line":214,"column":8},"end":{"line":214,"column":59}},"70":{"start":{"line":222,"column":4},"end":{"line":225,"column":5}},"71":{"start":{"line":223,"column":8},"end":{"line":223,"column":39}},"72":{"start":{"line":224,"column":8},"end":{"line":224,"column":62}},"73":{"start":{"line":232,"column":4},"end":{"line":235,"column":5}},"74":{"start":{"line":233,"column":8},"end":{"line":233,"column":39}},"75":{"start":{"line":234,"column":8},"end":{"line":234,"column":63}},"76":{"start":{"line":242,"column":4},"end":{"line":245,"column":5}},"77":{"start":{"line":243,"column":8},"end":{"line":243,"column":39}},"78":{"start":{"line":244,"column":8},"end":{"line":244,"column":62}},"79":{"start":{"line":252,"column":4},"end":{"line":255,"column":5}},"80":{"start":{"line":253,"column":8},"end":{"line":253,"column":39}},"81":{"start":{"line":254,"column":8},"end":{"line":254,"column":63}},"82":{"start":{"line":262,"column":4},"end":{"line":271,"column":5}},"83":{"start":{"line":263,"column":8},"end":{"line":270,"column":9}},"84":{"start":{"line":264,"column":12},"end":{"line":264,"column":66}},"85":{"start":{"line":265,"column":12},"end":{"line":265,"column":81}},"86":{"start":{"line":266,"column":12},"end":{"line":266,"column":43}},"87":{"start":{"line":267,"column":12},"end":{"line":267,"column":63}},"88":{"start":{"line":269,"column":12},"end":{"line":269,"column":74}},"89":{"start":{"line":277,"column":4},"end":{"line":279,"column":5}},"90":{"start":{"line":278,"column":8},"end":{"line":278,"column":37}},"91":{"start":{"line":285,"column":4},"end":{"line":287,"column":5}},"92":{"start":{"line":286,"column":8},"end":{"line":286,"column":58}},"93":{"start":{"line":293,"column":4},"end":{"line":303,"column":9}},"94":{"start":{"line":294,"column":12},"end":{"line":294,"column":60}},"95":{"start":{"line":302,"column":12},"end":{"line":302,"column":58}},"96":{"start":{"line":310,"column":4},"end":{"line":312,"column":5}},"97":{"start":{"line":311,"column":8},"end":{"line":311,"column":52}},"98":{"start":{"line":314,"column":4},"end":{"line":318,"column":5}},"99":{"start":{"line":315,"column":8},"end":{"line":317,"column":9}},"100":{"start":{"line":316,"column":12},"end":{"line":316,"column":46}},"101":{"start":{"line":327,"column":4},"end":{"line":344,"column":5}},"102":{"start":{"line":328,"column":8},"end":{"line":331,"column":9}},"103":{"start":{"line":329,"column":12},"end":{"line":329,"column":62}},"104":{"start":{"line":330,"column":12},"end":{"line":330,"column":19}},"105":{"start":{"line":331,"column":9},"end":{"line":331,"column":33}},"106":{"start":{"line":332,"column":8},"end":{"line":332,"column":70}},"107":{"start":{"line":333,"column":8},"end":{"line":333,"column":73}},"108":{"start":{"line":334,"column":8},"end":{"line":334,"column":80}},"109":{"start":{"line":335,"column":8},"end":{"line":337,"column":9}},"110":{"start":{"line":336,"column":12},"end":{"line":336,"column":73}},"111":{"start":{"line":338,"column":8},"end":{"line":338,"column":155}},"112":{"start":{"line":339,"column":8},"end":{"line":339,"column":64}},"113":{"start":{"line":340,"column":8},"end":{"line":340,"column":37}},"114":{"start":{"line":341,"column":8},"end":{"line":341,"column":117}},"115":{"start":{"line":342,"column":8},"end":{"line":342,"column":46}},"116":{"start":{"line":343,"column":8},"end":{"line":343,"column":49}},"117":{"start":{"line":350,"column":4},"end":{"line":378,"column":5}},"118":{"start":{"line":351,"column":8},"end":{"line":351,"column":91}},"119":{"start":{"line":352,"column":8},"end":{"line":359,"column":9}},"120":{"start":{"line":353,"column":12},"end":{"line":353,"column":104}},"121":{"start":{"line":354,"column":12},"end":{"line":354,"column":41}},"122":{"start":{"line":355,"column":12},"end":{"line":358,"column":13}},"123":{"start":{"line":356,"column":16},"end":{"line":356,"column":102}},"124":{"start":{"line":357,"column":16},"end":{"line":357,"column":22}},"125":{"start":{"line":360,"column":8},"end":{"line":377,"column":9}},"126":{"start":{"line":361,"column":12},"end":{"line":374,"column":13}},"127":{"start":{"line":362,"column":16},"end":{"line":371,"column":17}},"128":{"start":{"line":363,"column":20},"end":{"line":367,"column":22}},"129":{"start":{"line":364,"column":24},"end":{"line":364,"column":53}},"130":{"start":{"line":365,"column":24},"end":{"line":365,"column":57}},"131":{"start":{"line":366,"column":24},"end":{"line":366,"column":53}},"132":{"start":{"line":369,"column":20},"end":{"line":369,"column":66}},"133":{"start":{"line":370,"column":20},"end":{"line":370,"column":49}},"134":{"start":{"line":373,"column":16},"end":{"line":373,"column":45}},"135":{"start":{"line":376,"column":12},"end":{"line":376,"column":41}},"136":{"start":{"line":386,"column":4},"end":{"line":397,"column":5}},"137":{"start":{"line":387,"column":8},"end":{"line":387,"column":57}},"138":{"start":{"line":388,"column":8},"end":{"line":388,"column":72}},"139":{"start":{"line":389,"column":8},"end":{"line":389,"column":68}},"140":{"start":{"line":390,"column":8},"end":{"line":390,"column":52}},"141":{"start":{"line":391,"column":8},"end":{"line":391,"column":167}},"142":{"start":{"line":392,"column":8},"end":{"line":392,"column":137}},"143":{"start":{"line":393,"column":8},"end":{"line":393,"column":134}},"144":{"start":{"line":394,"column":8},"end":{"line":394,"column":125}},"145":{"start":{"line":395,"column":8},"end":{"line":395,"column":56}},"146":{"start":{"line":396,"column":8},"end":{"line":396,"column":50}},"147":{"start":{"line":403,"column":4},"end":{"line":414,"column":5}},"148":{"start":{"line":404,"column":8},"end":{"line":404,"column":75}},"149":{"start":{"line":405,"column":8},"end":{"line":405,"column":86}},"150":{"start":{"line":406,"column":8},"end":{"line":406,"column":74}},"151":{"start":{"line":407,"column":8},"end":{"line":407,"column":83}},"152":{"start":{"line":408,"column":8},"end":{"line":408,"column":74}},"153":{"start":{"line":409,"column":8},"end":{"line":409,"column":74}},"154":{"start":{"line":410,"column":8},"end":{"line":410,"column":80}},"155":{"start":{"line":411,"column":8},"end":{"line":411,"column":80}},"156":{"start":{"line":420,"column":4},"end":{"line":422,"column":5}},"157":{"start":{"line":421,"column":8},"end":{"line":421,"column":48}},"158":{"start":{"line":428,"column":4},"end":{"line":430,"column":5}},"159":{"start":{"line":429,"column":8},"end":{"line":429,"column":47}},"160":{"start":{"line":438,"column":4},"end":{"line":446,"column":5}},"161":{"start":{"line":439,"column":8},"end":{"line":445,"column":9}},"162":{"start":{"line":440,"column":12},"end":{"line":440,"column":85}},"163":{"start":{"line":441,"column":12},"end":{"line":441,"column":82}},"164":{"start":{"line":442,"column":12},"end":{"line":442,"column":79}},"165":{"start":{"line":443,"column":12},"end":{"line":443,"column":76}},"166":{"start":{"line":444,"column":12},"end":{"line":444,"column":86}},"167":{"start":{"line":453,"column":4},"end":{"line":468,"column":5}},"168":{"start":{"line":454,"column":8},"end":{"line":467,"column":9}},"169":{"start":{"line":456,"column":16},"end":{"line":456,"column":63}},"170":{"start":{"line":457,"column":16},"end":{"line":457,"column":22}},"171":{"start":{"line":459,"column":16},"end":{"line":459,"column":62}},"172":{"start":{"line":460,"column":16},"end":{"line":460,"column":22}},"173":{"start":{"line":462,"column":16},"end":{"line":462,"column":61}},"174":{"start":{"line":463,"column":16},"end":{"line":463,"column":22}},"175":{"start":{"line":465,"column":16},"end":{"line":465,"column":60}},"176":{"start":{"line":466,"column":16},"end":{"line":466,"column":22}},"177":{"start":{"line":474,"column":4},"end":{"line":494,"column":5}},"178":{"start":{"line":475,"column":8},"end":{"line":493,"column":9}},"179":{"start":{"line":477,"column":12},"end":{"line":479,"column":13}},"180":{"start":{"line":478,"column":16},"end":{"line":478,"column":82}},"181":{"start":{"line":481,"column":12},"end":{"line":481,"column":36}},"182":{"start":{"line":482,"column":12},"end":{"line":491,"column":13}},"183":{"start":{"line":483,"column":16},"end":{"line":483,"column":46}},"184":{"start":{"line":484,"column":16},"end":{"line":490,"column":17}},"185":{"start":{"line":485,"column":20},"end":{"line":489,"column":21}},"186":{"start":{"line":486,"column":24},"end":{"line":488,"column":25}},"187":{"start":{"line":487,"column":28},"end":{"line":487,"column":54}},"188":{"start":{"line":492,"column":12},"end":{"line":492,"column":26}},"189":{"start":{"line":496,"column":4},"end":{"line":500,"column":5}},"190":{"start":{"line":497,"column":8},"end":{"line":499,"column":10}},"191":{"start":{"line":498,"column":12},"end":{"line":498,"column":42}},"192":{"start":{"line":498,"column":20},"end":{"line":498,"column":42}},"193":{"start":{"line":501,"column":4},"end":{"line":503,"column":5}},"194":{"start":{"line":502,"column":8},"end":{"line":502,"column":32}},"195":{"start":{"line":505,"column":4},"end":{"line":505,"column":26}},"196":{"start":{"line":513,"column":0},"end":{"line":513,"column":29}},"197":{"start":{"line":520,"column":0},"end":{"line":522,"column":1}},"198":{"start":{"line":521,"column":4},"end":{"line":521,"column":31}}},"branchMap":{"1":{"line":8,"type":"if","locations":[{"start":{"line":8,"column":0},"end":{"line":8,"column":0}},{"start":{"line":8,"column":0},"end":{"line":8,"column":0}}]},"2":{"line":15,"type":"if","locations":[{"start":{"line":15,"column":8},"end":{"line":15,"column":8}},{"start":{"line":15,"column":8},"end":{"line":15,"column":8}}]},"3":{"line":87,"type":"binary-expr","locations":[{"start":{"line":87,"column":24},"end":{"line":87,"column":37}},{"start":{"line":87,"column":42},"end":{"line":87,"column":74}}]},"4":{"line":88,"type":"if","locations":[{"start":{"line":88,"column":8},"end":{"line":88,"column":8}},{"start":{"line":88,"column":8},"end":{"line":88,"column":8}}]},"5":{"line":88,"type":"binary-expr","locations":[{"start":{"line":88,"column":12},"end":{"line":88,"column":21}},{"start":{"line":88,"column":25},"end":{"line":88,"column":35}}]},"6":{"line":93,"type":"if","locations":[{"start":{"line":93,"column":8},"end":{"line":93,"column":8}},{"start":{"line":93,"column":8},"end":{"line":93,"column":8}}]},"7":{"line":93,"type":"binary-expr","locations":[{"start":{"line":93,"column":12},"end":{"line":93,"column":34}},{"start":{"line":93,"column":38},"end":{"line":93,"column":44}}]},"8":{"line":161,"type":"binary-expr","locations":[{"start":{"line":161,"column":24},"end":{"line":161,"column":37}},{"start":{"line":161,"column":41},"end":{"line":161,"column":43}}]},"9":{"line":263,"type":"if","locations":[{"start":{"line":263,"column":8},"end":{"line":263,"column":8}},{"start":{"line":263,"column":8},"end":{"line":263,"column":8}}]},"10":{"line":286,"type":"binary-expr","locations":[{"start":{"line":286,"column":44},"end":{"line":286,"column":51}},{"start":{"line":286,"column":55},"end":{"line":286,"column":57}}]},"11":{"line":294,"type":"binary-expr","locations":[{"start":{"line":294,"column":47},"end":{"line":294,"column":53}},{"start":{"line":294,"column":57},"end":{"line":294,"column":59}}]},"12":{"line":302,"type":"binary-expr","locations":[{"start":{"line":302,"column":46},"end":{"line":302,"column":51}},{"start":{"line":302,"column":55},"end":{"line":302,"column":57}}]},"13":{"line":311,"type":"binary-expr","locations":[{"start":{"line":311,"column":41},"end":{"line":311,"column":45}},{"start":{"line":311,"column":49},"end":{"line":311,"column":51}}]},"14":{"line":315,"type":"if","locations":[{"start":{"line":315,"column":8},"end":{"line":315,"column":8}},{"start":{"line":315,"column":8},"end":{"line":315,"column":8}}]},"15":{"line":328,"type":"if","locations":[{"start":{"line":328,"column":8},"end":{"line":328,"column":8}},{"start":{"line":328,"column":8},"end":{"line":328,"column":8}}]},"16":{"line":331,"type":"binary-expr","locations":[{"start":{"line":331,"column":9},"end":{"line":331,"column":16}},{"start":{"line":331,"column":21},"end":{"line":331,"column":32}}]},"17":{"line":332,"type":"binary-expr","locations":[{"start":{"line":332,"column":8},"end":{"line":332,"column":17}},{"start":{"line":332,"column":22},"end":{"line":332,"column":68}}]},"18":{"line":333,"type":"binary-expr","locations":[{"start":{"line":333,"column":8},"end":{"line":333,"column":18}},{"start":{"line":333,"column":23},"end":{"line":333,"column":71}}]},"19":{"line":334,"type":"binary-expr","locations":[{"start":{"line":334,"column":8},"end":{"line":334,"column":25}},{"start":{"line":334,"column":30},"end":{"line":334,"column":78}}]},"20":{"line":335,"type":"if","locations":[{"start":{"line":335,"column":8},"end":{"line":335,"column":8}},{"start":{"line":335,"column":8},"end":{"line":335,"column":8}}]},"21":{"line":338,"type":"cond-expr","locations":[{"start":{"line":338,"column":47},"end":{"line":338,"column":127}},{"start":{"line":338,"column":131},"end":{"line":338,"column":154}}]},"22":{"line":338,"type":"cond-expr","locations":[{"start":{"line":338,"column":71},"end":{"line":338,"column":73}},{"start":{"line":338,"column":77},"end":{"line":338,"column":126}}]},"23":{"line":338,"type":"cond-expr","locations":[{"start":{"line":338,"column":103},"end":{"line":338,"column":107}},{"start":{"line":338,"column":110},"end":{"line":338,"column":126}}]},"24":{"line":341,"type":"cond-expr","locations":[{"start":{"line":341,"column":69},"end":{"line":341,"column":96}},{"start":{"line":341,"column":99},"end":{"line":341,"column":116}}]},"25":{"line":352,"type":"if","locations":[{"start":{"line":352,"column":8},"end":{"line":352,"column":8}},{"start":{"line":352,"column":8},"end":{"line":352,"column":8}}]},"26":{"line":355,"type":"if","locations":[{"start":{"line":355,"column":12},"end":{"line":355,"column":12}},{"start":{"line":355,"column":12},"end":{"line":355,"column":12}}]},"27":{"line":360,"type":"if","locations":[{"start":{"line":360,"column":8},"end":{"line":360,"column":8}},{"start":{"line":360,"column":8},"end":{"line":360,"column":8}}]},"28":{"line":361,"type":"if","locations":[{"start":{"line":361,"column":12},"end":{"line":361,"column":12}},{"start":{"line":361,"column":12},"end":{"line":361,"column":12}}]},"29":{"line":362,"type":"if","locations":[{"start":{"line":362,"column":16},"end":{"line":362,"column":16}},{"start":{"line":362,"column":16},"end":{"line":362,"column":16}}]},"30":{"line":391,"type":"binary-expr","locations":[{"start":{"line":391,"column":77},"end":{"line":391,"column":97}},{"start":{"line":391,"column":101},"end":{"line":391,"column":112}}]},"31":{"line":404,"type":"binary-expr","locations":[{"start":{"line":404,"column":8},"end":{"line":404,"column":21}},{"start":{"line":404,"column":26},"end":{"line":404,"column":73}}]},"32":{"line":405,"type":"binary-expr","locations":[{"start":{"line":405,"column":8},"end":{"line":405,"column":22}},{"start":{"line":405,"column":27},"end":{"line":405,"column":84}}]},"33":{"line":406,"type":"binary-expr","locations":[{"start":{"line":406,"column":8},"end":{"line":406,"column":18}},{"start":{"line":406,"column":23},"end":{"line":406,"column":72}}]},"34":{"line":407,"type":"binary-expr","locations":[{"start":{"line":407,"column":8},"end":{"line":407,"column":21}},{"start":{"line":407,"column":26},"end":{"line":407,"column":81}}]},"35":{"line":408,"type":"binary-expr","locations":[{"start":{"line":408,"column":8},"end":{"line":408,"column":18}},{"start":{"line":408,"column":23},"end":{"line":408,"column":72}}]},"36":{"line":409,"type":"binary-expr","locations":[{"start":{"line":409,"column":8},"end":{"line":409,"column":18}},{"start":{"line":409,"column":23},"end":{"line":409,"column":72}}]},"37":{"line":410,"type":"binary-expr","locations":[{"start":{"line":410,"column":8},"end":{"line":410,"column":20}},{"start":{"line":410,"column":25},"end":{"line":410,"column":78}}]},"38":{"line":411,"type":"binary-expr","locations":[{"start":{"line":411,"column":8},"end":{"line":411,"column":20}},{"start":{"line":411,"column":25},"end":{"line":411,"column":78}}]},"39":{"line":439,"type":"if","locations":[{"start":{"line":439,"column":8},"end":{"line":439,"column":8}},{"start":{"line":439,"column":8},"end":{"line":439,"column":8}}]},"40":{"line":440,"type":"binary-expr","locations":[{"start":{"line":440,"column":12},"end":{"line":440,"column":27}},{"start":{"line":440,"column":32},"end":{"line":440,"column":83}}]},"41":{"line":441,"type":"binary-expr","locations":[{"start":{"line":441,"column":12},"end":{"line":441,"column":26}},{"start":{"line":441,"column":31},"end":{"line":441,"column":80}}]},"42":{"line":442,"type":"binary-expr","locations":[{"start":{"line":442,"column":12},"end":{"line":442,"column":25}},{"start":{"line":442,"column":30},"end":{"line":442,"column":77}}]},"43":{"line":443,"type":"binary-expr","locations":[{"start":{"line":443,"column":12},"end":{"line":443,"column":24}},{"start":{"line":443,"column":29},"end":{"line":443,"column":74}}]},"44":{"line":444,"type":"binary-expr","locations":[{"start":{"line":444,"column":12},"end":{"line":444,"column":30}},{"start":{"line":444,"column":35},"end":{"line":444,"column":84}}]},"45":{"line":454,"type":"switch","locations":[{"start":{"line":455,"column":12},"end":{"line":457,"column":22}},{"start":{"line":458,"column":12},"end":{"line":460,"column":22}},{"start":{"line":461,"column":12},"end":{"line":463,"column":22}},{"start":{"line":464,"column":12},"end":{"line":466,"column":22}}]},"46":{"line":456,"type":"binary-expr","locations":[{"start":{"line":456,"column":23},"end":{"line":456,"column":56}},{"start":{"line":456,"column":60},"end":{"line":456,"column":62}}]},"47":{"line":459,"type":"binary-expr","locations":[{"start":{"line":459,"column":23},"end":{"line":459,"column":55}},{"start":{"line":459,"column":59},"end":{"line":459,"column":61}}]},"48":{"line":462,"type":"binary-expr","locations":[{"start":{"line":462,"column":23},"end":{"line":462,"column":54}},{"start":{"line":462,"column":58},"end":{"line":462,"column":60}}]},"49":{"line":465,"type":"binary-expr","locations":[{"start":{"line":465,"column":23},"end":{"line":465,"column":53}},{"start":{"line":465,"column":57},"end":{"line":465,"column":59}}]},"50":{"line":477,"type":"if","locations":[{"start":{"line":477,"column":12},"end":{"line":477,"column":12}},{"start":{"line":477,"column":12},"end":{"line":477,"column":12}}]},"51":{"line":484,"type":"if","locations":[{"start":{"line":484,"column":16},"end":{"line":484,"column":16}},{"start":{"line":484,"column":16},"end":{"line":484,"column":16}}]},"52":{"line":486,"type":"if","locations":[{"start":{"line":486,"column":24},"end":{"line":486,"column":24}},{"start":{"line":486,"column":24},"end":{"line":486,"column":24}}]},"53":{"line":498,"type":"if","locations":[{"start":{"line":498,"column":12},"end":{"line":498,"column":12}},{"start":{"line":498,"column":12},"end":{"line":498,"column":12}}]},"54":{"line":501,"type":"if","locations":[{"start":{"line":501,"column":4},"end":{"line":501,"column":4}},{"start":{"line":501,"column":4},"end":{"line":501,"column":4}}]},"55":{"line":520,"type":"if","locations":[{"start":{"line":520,"column":0},"end":{"line":520,"column":0}},{"start":{"line":520,"column":0},"end":{"line":520,"column":0}}]}},"l":{"8":1,"9":0,"13":1,"15":44,"18":44,"20":0,"26":1,"27":1,"28":1,"29":1,"30":1,"31":1,"32":1,"33":1,"34":1,"35":1,"54":1,"63":1,"64":1,"65":1,"66":1,"67":1,"73":1,"74":7,"86":1,"87":4,"88":4,"89":4,"90":4,"93":4,"94":2,"97":4,"98":4,"99":4,"100":4,"108":1,"109":3,"110":3,"118":1,"119":5,"120":5,"128":1,"129":3,"130":3,"138":1,"139":3,"140":3,"148":1,"149":2,"150":2,"158":1,"159":2,"163":2,"164":2,"172":1,"173":2,"174":2,"182":1,"183":2,"184":2,"192":1,"193":4,"194":4,"202":1,"203":2,"204":2,"212":1,"213":2,"214":2,"222":1,"223":2,"224":2,"232":1,"233":1,"234":1,"242":1,"243":1,"244":1,"252":1,"253":3,"254":3,"262":1,"263":3,"264":3,"265":3,"266":3,"267":3,"269":0,"277":1,"278":1,"285":1,"286":3,"293":1,"294":1,"302":1,"310":1,"311":2,"314":1,"315":0,"316":0,"327":1,"328":9,"329":1,"330":1,"331":8,"332":8,"333":8,"334":8,"335":8,"336":0,"338":8,"339":8,"340":8,"341":8,"342":8,"343":8,"350":1,"351":44,"352":44,"353":0,"354":0,"355":0,"356":0,"357":0,"360":44,"361":18,"362":0,"363":0,"364":0,"365":0,"366":0,"369":0,"370":0,"373":18,"376":26,"386":1,"387":44,"388":44,"389":44,"390":44,"391":44,"392":44,"393":44,"394":44,"395":44,"396":44,"403":1,"404":8,"405":8,"406":8,"407":8,"408":8,"409":8,"410":8,"411":8,"420":1,"421":44,"428":1,"429":44,"438":1,"439":44,"440":25,"441":25,"442":25,"443":25,"444":25,"453":1,"454":176,"456":44,"457":0,"459":44,"460":0,"462":44,"463":0,"465":44,"466":0,"474":1,"475":1,"477":228,"478":0,"481":228,"482":228,"483":404,"484":404,"485":402,"486":981,"487":981,"492":228,"496":1,"497":0,"498":0,"501":1,"502":1,"505":1,"513":1,"520":1,"521":0}},
"/Users/admin/Documents/Sunbird/Player/telemetry-lib/core/telemetrySyncManager.js":{"path":"/Users/admin/Documents/Sunbird/Player/telemetry-lib/core/telemetrySyncManager.js","s":{"1":1,"2":1,"3":1,"4":44,"5":44,"6":44,"7":44,"8":44,"9":5,"10":0,"11":5,"12":5,"13":5,"14":5,"15":5,"16":5,"17":5,"18":5,"19":5,"20":5,"21":5,"22":0,"23":0,"24":0,"25":0,"26":0,"27":1,"28":1},"b":{"1":[5,39],"2":[44,41],"3":[5,0],"4":[5,0],"5":[0,0],"6":[1,0]},"f":{"1":1,"2":44,"3":0,"4":5,"5":0,"6":0},"fnMap":{"1":{"name":"(anonymous_1)","line":15,"loc":{"start":{"line":15,"column":10},"end":{"line":15,"column":21}}},"2":{"name":"(anonymous_2)","line":19,"loc":{"start":{"line":19,"column":19},"end":{"line":19,"column":35}}},"3":{"name":"(anonymous_3)","line":28,"loc":{"start":{"line":28,"column":22},"end":{"line":28,"column":39}}},"4":{"name":"(anonymous_4)","line":31,"loc":{"start":{"line":31,"column":16},"end":{"line":31,"column":27}}},"5":{"name":"(anonymous_5)","line":53,"loc":{"start":{"line":53,"column":16},"end":{"line":53,"column":31}}},"6":{"name":"(anonymous_6)","line":55,"loc":{"start":{"line":55,"column":16},"end":{"line":55,"column":57}}}},"statementMap":{"1":{"start":{"line":7,"column":0},"end":{"line":64,"column":1}},"2":{"start":{"line":16,"column":8},"end":{"line":16,"column":28}},"3":{"start":{"line":17,"column":8},"end":{"line":17,"column":72}},"4":{"start":{"line":20,"column":8},"end":{"line":20,"column":42}},"5":{"start":{"line":21,"column":8},"end":{"line":21,"column":57}},"6":{"start":{"line":22,"column":8},"end":{"line":22,"column":44}},"7":{"start":{"line":23,"column":8},"end":{"line":23,"column":67}},"8":{"start":{"line":24,"column":8},"end":{"line":26,"column":9}},"9":{"start":{"line":25,"column":12},"end":{"line":25,"column":46}},"10":{"start":{"line":29,"column":8},"end":{"line":29,"column":87}},"11":{"start":{"line":32,"column":8},"end":{"line":32,"column":49}},"12":{"start":{"line":33,"column":8},"end":{"line":33,"column":44}},"13":{"start":{"line":34,"column":8},"end":{"line":34,"column":85}},"14":{"start":{"line":35,"column":8},"end":{"line":40,"column":10}},"15":{"start":{"line":41,"column":8},"end":{"line":41,"column":30}},"16":{"start":{"line":42,"column":8},"end":{"line":43,"column":83}},"17":{"start":{"line":43,"column":12},"end":{"line":43,"column":83}},"18":{"start":{"line":45,"column":8},"end":{"line":45,"column":100}},"19":{"start":{"line":46,"column":8},"end":{"line":46,"column":42}},"20":{"start":{"line":47,"column":8},"end":{"line":47,"column":58}},"21":{"start":{"line":48,"column":8},"end":{"line":62,"column":11}},"22":{"start":{"line":54,"column":12},"end":{"line":54,"column":55}},"23":{"start":{"line":56,"column":12},"end":{"line":56,"column":53}},"24":{"start":{"line":57,"column":12},"end":{"line":61,"column":13}},"25":{"start":{"line":58,"column":16},"end":{"line":58,"column":63}},"26":{"start":{"line":60,"column":16},"end":{"line":60,"column":77}},"27":{"start":{"line":65,"column":0},"end":{"line":67,"column":1}},"28":{"start":{"line":66,"column":4},"end":{"line":66,"column":32}}},"branchMap":{"1":{"line":24,"type":"if","locations":[{"start":{"line":24,"column":8},"end":{"line":24,"column":8}},{"start":{"line":24,"column":8},"end":{"line":24,"column":8}}]},"2":{"line":24,"type":"binary-expr","locations":[{"start":{"line":24,"column":13},"end":{"line":24,"column":55}},{"start":{"line":24,"column":61},"end":{"line":24,"column":116}}]},"3":{"line":32,"type":"binary-expr","locations":[{"start":{"line":32,"column":24},"end":{"line":32,"column":35}},{"start":{"line":32,"column":39},"end":{"line":32,"column":48}}]},"4":{"line":42,"type":"if","locations":[{"start":{"line":42,"column":8},"end":{"line":42,"column":8}},{"start":{"line":42,"column":8},"end":{"line":42,"column":8}}]},"5":{"line":57,"type":"if","locations":[{"start":{"line":57,"column":12},"end":{"line":57,"column":12}},{"start":{"line":57,"column":12},"end":{"line":57,"column":12}}]},"6":{"line":65,"type":"if","locations":[{"start":{"line":65,"column":0},"end":{"line":65,"column":0}},{"start":{"line":65,"column":0},"end":{"line":65,"column":0}}]}},"l":{"7":1,"16":1,"17":1,"20":44,"21":44,"22":44,"23":44,"24":44,"25":5,"29":0,"32":5,"33":5,"34":5,"35":5,"41":5,"42":5,"43":5,"45":5,"46":5,"47":5,"48":5,"54":0,"56":0,"57":0,"58":0,"60":0,"65":1,"66":1}}}
