TN:
SF:/Users/admin/Documents/Sunbird/Player/telemetry-lib/core/telemetryV3Interface.js
FN:14,(anonymous_1)
FN:26,(anonymous_2)
FN:27,(anonymous_3)
FN:28,(anonymous_4)
FN:73,(anonymous_5)
FN:86,(anonymous_6)
FN:108,(anonymous_7)
FN:118,(anonymous_8)
FN:128,(anonymous_9)
FN:138,(anonymous_10)
FN:148,(anonymous_11)
FN:158,(anonymous_12)
FN:172,(anonymous_13)
FN:182,(anonymous_14)
FN:192,(anonymous_15)
FN:202,(anonymous_16)
FN:212,(anonymous_17)
FN:222,(anonymous_18)
FN:232,(anonymous_19)
FN:242,(anonymous_20)
FN:252,(anonymous_21)
FN:262,(anonymous_22)
FN:277,(anonymous_23)
FN:285,(anonymous_24)
FN:293,(anonymous_25)
FN:301,(anonymous_26)
FN:310,(anonymous_27)
FN:314,(anonymous_28)
FN:327,(anonymous_29)
FN:350,(anonymous_30)
FN:363,(anonymous_31)
FN:386,(anonymous_32)
FN:403,(anonymous_33)
FN:420,(anonymous_34)
FN:428,(anonymous_35)
FN:438,(anonymous_36)
FN:453,(anonymous_37)
FN:474,(anonymous_38)
FN:475,(anonymous_39)
FN:496,(anonymous_40)
FN:497,(anonymous_41)
FNF:41
FNH:35
FNDA:44,(anonymous_1)
FNDA:1,(anonymous_2)
FNDA:0,(anonymous_3)
FNDA:0,(anonymous_4)
FNDA:7,(anonymous_5)
FNDA:4,(anonymous_6)
FNDA:3,(anonymous_7)
FNDA:5,(anonymous_8)
FNDA:3,(anonymous_9)
FNDA:3,(anonymous_10)
FNDA:2,(anonymous_11)
FNDA:2,(anonymous_12)
FNDA:2,(anonymous_13)
FNDA:2,(anonymous_14)
FNDA:4,(anonymous_15)
FNDA:2,(anonymous_16)
FNDA:2,(anonymous_17)
FNDA:2,(anonymous_18)
FNDA:1,(anonymous_19)
FNDA:1,(anonymous_20)
FNDA:3,(anonymous_21)
FNDA:3,(anonymous_22)
FNDA:1,(anonymous_23)
FNDA:3,(anonymous_24)
FNDA:1,(anonymous_25)
FNDA:1,(anonymous_26)
FNDA:2,(anonymous_27)
FNDA:0,(anonymous_28)
FNDA:9,(anonymous_29)
FNDA:44,(anonymous_30)
FNDA:0,(anonymous_31)
FNDA:44,(anonymous_32)
FNDA:8,(anonymous_33)
FNDA:44,(anonymous_34)
FNDA:44,(anonymous_35)
FNDA:44,(anonymous_36)
FNDA:176,(anonymous_37)
FNDA:1,(anonymous_38)
FNDA:228,(anonymous_39)
FNDA:0,(anonymous_40)
FNDA:0,(anonymous_41)
DA:8,1
DA:9,0
DA:13,1
DA:15,44
DA:18,44
DA:20,0
DA:26,1
DA:27,1
DA:28,1
DA:29,1
DA:30,1
DA:31,1
DA:32,1
DA:33,1
DA:34,1
DA:35,1
DA:54,1
DA:63,1
DA:64,1
DA:65,1
DA:66,1
DA:67,1
DA:73,1
DA:74,7
DA:86,1
DA:87,4
DA:88,4
DA:89,4
DA:90,4
DA:93,4
DA:94,2
DA:97,4
DA:98,4
DA:99,4
DA:100,4
DA:108,1
DA:109,3
DA:110,3
DA:118,1
DA:119,5
DA:120,5
DA:128,1
DA:129,3
DA:130,3
DA:138,1
DA:139,3
DA:140,3
DA:148,1
DA:149,2
DA:150,2
DA:158,1
DA:159,2
DA:163,2
DA:164,2
DA:172,1
DA:173,2
DA:174,2
DA:182,1
DA:183,2
DA:184,2
DA:192,1
DA:193,4
DA:194,4
DA:202,1
DA:203,2
DA:204,2
DA:212,1
DA:213,2
DA:214,2
DA:222,1
DA:223,2
DA:224,2
DA:232,1
DA:233,1
DA:234,1
DA:242,1
DA:243,1
DA:244,1
DA:252,1
DA:253,3
DA:254,3
DA:262,1
DA:263,3
DA:264,3
DA:265,3
DA:266,3
DA:267,3
DA:269,0
DA:277,1
DA:278,1
DA:285,1
DA:286,3
DA:293,1
DA:294,1
DA:302,1
DA:310,1
DA:311,2
DA:314,1
DA:315,0
DA:316,0
DA:327,1
DA:328,9
DA:329,1
DA:330,1
DA:331,8
DA:332,8
DA:333,8
DA:334,8
DA:335,8
DA:336,0
DA:338,8
DA:339,8
DA:340,8
DA:341,8
DA:342,8
DA:343,8
DA:350,1
DA:351,44
DA:352,44
DA:353,0
DA:354,0
DA:355,0
DA:356,0
DA:357,0
DA:360,44
DA:361,18
DA:362,0
DA:363,0
DA:364,0
DA:365,0
DA:366,0
DA:369,0
DA:370,0
DA:373,18
DA:376,26
DA:386,1
DA:387,44
DA:388,44
DA:389,44
DA:390,44
DA:391,44
DA:392,44
DA:393,44
DA:394,44
DA:395,44
DA:396,44
DA:403,1
DA:404,8
DA:405,8
DA:406,8
DA:407,8
DA:408,8
DA:409,8
DA:410,8
DA:411,8
DA:420,1
DA:421,44
DA:428,1
DA:429,44
DA:438,1
DA:439,44
DA:440,25
DA:441,25
DA:442,25
DA:443,25
DA:444,25
DA:453,1
DA:454,176
DA:456,44
DA:457,0
DA:459,44
DA:460,0
DA:462,44
DA:463,0
DA:465,44
DA:466,0
DA:474,1
DA:475,1
DA:477,228
DA:478,0
DA:481,228
DA:482,228
DA:483,404
DA:484,404
DA:485,402
DA:486,981
DA:487,981
DA:492,228
DA:496,1
DA:497,0
DA:498,0
DA:501,1
DA:502,1
DA:505,1
DA:513,1
DA:520,1
DA:521,0
LF:197
LH:171
BRDA:8,1,0,0
BRDA:8,1,1,1
BRDA:15,2,0,44
BRDA:15,2,1,0
BRDA:87,3,0,4
BRDA:87,3,1,4
BRDA:88,4,0,4
BRDA:88,4,1,0
BRDA:88,5,0,4
BRDA:88,5,1,4
BRDA:93,6,0,2
BRDA:93,6,1,2
BRDA:93,7,0,4
BRDA:93,7,1,2
BRDA:161,8,0,2
BRDA:161,8,1,2
BRDA:263,9,0,3
BRDA:263,9,1,0
BRDA:286,10,0,3
BRDA:286,10,1,1
BRDA:294,11,0,1
BRDA:294,11,1,0
BRDA:302,12,0,1
BRDA:302,12,1,0
BRDA:311,13,0,2
BRDA:311,13,1,0
BRDA:315,14,0,0
BRDA:315,14,1,0
BRDA:328,15,0,1
BRDA:328,15,1,8
BRDA:331,16,0,8
BRDA:331,16,1,1
BRDA:332,17,0,8
BRDA:332,17,1,2
BRDA:333,18,0,8
BRDA:333,18,1,2
BRDA:334,19,0,8
BRDA:334,19,1,4
BRDA:335,20,0,0
BRDA:335,20,1,8
BRDA:338,21,0,4
BRDA:338,21,1,4
BRDA:338,22,0,1
BRDA:338,22,1,3
BRDA:338,23,0,0
BRDA:338,23,1,3
BRDA:341,24,0,0
BRDA:341,24,1,8
BRDA:352,25,0,0
BRDA:352,25,1,44
BRDA:355,26,0,0
BRDA:355,26,1,0
BRDA:360,27,0,18
BRDA:360,27,1,26
BRDA:361,28,0,0
BRDA:361,28,1,18
BRDA:362,29,0,0
BRDA:362,29,1,0
BRDA:391,30,0,44
BRDA:391,30,1,2
BRDA:404,31,0,8
BRDA:404,31,1,6
BRDA:405,32,0,8
BRDA:405,32,1,4
BRDA:406,33,0,8
BRDA:406,33,1,4
BRDA:407,34,0,8
BRDA:407,34,1,4
BRDA:408,35,0,8
BRDA:408,35,1,4
BRDA:409,36,0,8
BRDA:409,36,1,4
BRDA:410,37,0,8
BRDA:410,37,1,4
BRDA:411,38,0,8
BRDA:411,38,1,5
BRDA:439,39,0,25
BRDA:439,39,1,19
BRDA:440,40,0,25
BRDA:440,40,1,1
BRDA:441,41,0,25
BRDA:441,41,1,1
BRDA:442,42,0,25
BRDA:442,42,1,1
BRDA:443,43,0,25
BRDA:443,43,1,1
BRDA:444,44,0,25
BRDA:444,44,1,1
BRDA:454,45,0,44
BRDA:454,45,1,44
BRDA:454,45,2,44
BRDA:454,45,3,44
BRDA:456,46,0,44
BRDA:456,46,1,24
BRDA:459,47,0,44
BRDA:459,47,1,21
BRDA:462,48,0,44
BRDA:462,48,1,22
BRDA:465,49,0,44
BRDA:465,49,1,25
BRDA:477,50,0,0
BRDA:477,50,1,228
BRDA:484,51,0,402
BRDA:484,51,1,2
BRDA:486,52,0,981
BRDA:486,52,1,0
BRDA:498,53,0,0
BRDA:498,53,1,0
BRDA:501,54,0,1
BRDA:501,54,1,0
BRDA:520,55,0,0
BRDA:520,55,1,1
BRF:112
BRH:88
end_of_record
TN:
SF:/Users/admin/Documents/Sunbird/Player/telemetry-lib/core/telemetrySyncManager.js
FN:15,(anonymous_1)
FN:19,(anonymous_2)
FN:28,(anonymous_3)
FN:31,(anonymous_4)
FN:53,(anonymous_5)
FN:55,(anonymous_6)
FNF:6
FNH:3
FNDA:1,(anonymous_1)
FNDA:44,(anonymous_2)
FNDA:0,(anonymous_3)
FNDA:5,(anonymous_4)
FNDA:0,(anonymous_5)
FNDA:0,(anonymous_6)
DA:7,1
DA:16,1
DA:17,1
DA:20,44
DA:21,44
DA:22,44
DA:23,44
DA:24,44
DA:25,5
DA:29,0
DA:32,5
DA:33,5
DA:34,5
DA:35,5
DA:41,5
DA:42,5
DA:43,5
DA:45,5
DA:46,5
DA:47,5
DA:48,5
DA:54,0
DA:56,0
DA:57,0
DA:58,0
DA:60,0
DA:65,1
DA:66,1
LF:28
LH:22
BRDA:24,1,0,5
BRDA:24,1,1,39
BRDA:24,2,0,44
BRDA:24,2,1,41
BRDA:32,3,0,5
BRDA:32,3,1,0
BRDA:42,4,0,5
BRDA:42,4,1,0
BRDA:57,5,0,0
BRDA:57,5,1,0
BRDA:65,6,0,1
BRDA:65,6,1,0
BRF:12
BRH:7
end_of_record
